0.999500 1.677038 0.368188 2.400500
1.000200 0.979844 0.650201 1.230200
0.999700 0.795213 0.727489 1.165500
1.000700 1.423169 0.465672 1.460300
0.999400 1.169996 0.588758 1.568000
0.999900 1.614435 0.390989 1.608900
1.000700 1.423169 0.465672 1.460300
0.999800 1.051564 0.619136 1.257200
0.998800 1.545115 0.438670 3.390000
1.000100 1.110191 0.599355 1.292500
0.999000 1.501394 0.434508 1.511800
0.999200 1.603366 0.399920 2.121000
0.999700 1.636641 0.397338 1.748700
0.999000 1.501394 0.434508 1.511800
0.999700 1.299597 0.523181 1.394500
0.999800 1.086441 0.609628 1.280200
0.999400 1.675659 0.381473 2.134800
0.999000 1.663408 0.369122 2.467400
0.999700 1.540107 0.424632 1.567500
0.999900 1.720518 0.359174 1.764500
0.999500 1.426371 0.466120 1.462900
0.999900 1.441560 0.455431 1.462900
0.998800 1.153003 0.555853 3.832600
0.999700 1.535218 0.437750 1.686500
0.999400 1.449469 0.452446 1.468400
0.999200 1.297520 0.509152 3.688000
0.999500 1.655538 0.370112 1.634100
0.999900 1.655114 0.392668 1.818100
1.000200 1.314534 0.529170 1.470400
0.998900 1.235050 0.543274 3.777300
0.999700 1.377008 0.483282 3.596500
1.000100 1.390455 0.495506 3.625900
0.999600 1.386657 0.487876 1.454400
0.998400 1.648906 0.370334 2.911400
0.999600 1.386657 0.487876 1.454400
0.999200 1.559100 0.434403 3.371600
1.000300 1.262143 0.539846 1.383700
0.999600 1.415012 0.489667 1.672200
0.999900 1.198979 0.558059 1.326300
0.999600 1.417827 0.474411 3.556600
0.999100 1.311165 0.505612 3.674500
0.999600 1.711826 0.370312 2.011600
0.999900 0.994693 0.656987 1.263700
0.999000 1.305799 0.507381 3.680200
1.000200 1.247866 0.543652 1.373000
0.999600 1.448619 0.462263 3.506800
1.000000 1.192486 0.568298 1.349200
1.000200 0.819973 0.718211 1.175600
0.999600 1.239254 0.569000 1.580400
0.999900 1.204586 0.554118 1.326300
1.000000 1.396609 0.477751 3.575400
0.999900 1.408633 0.473783 3.559300
0.999000 1.275969 0.518983 3.711400
0.999400 1.414762 0.477164 3.564600
1.000200 1.720801 0.348722 1.711000
0.999400 1.298192 0.527177 1.409000
1.000000 1.117231 0.565030 3.857200
0.999500 1.533835 0.416244 1.525700
0.999700 1.285413 0.531998 1.407300
1.000200 1.321330 0.515370 1.413600
0.999800 1.389710 0.480249 3.583800
0.998700 1.241326 0.536285 3.764900
0.999400 1.336371 0.498946 3.650400
0.999900 1.330687 0.499804 3.656900
1.000100 1.066866 0.625724 1.293100
1.000000 1.351413 0.511567 1.537000
1.000000 1.351413 0.511567 1.537000
0.999900 1.423646 0.470299 3.544700
0.999600 1.393015 0.480518 3.583200
1.000000 1.475904 0.454525 3.477000
0.999000 1.165522 0.552130 3.822600
0.999800 1.436200 0.463746 3.518400
0.999700 1.122367 0.586627 1.284300
0.999900 1.435784 0.471423 3.544100
0.999000 1.193207 0.542620 3.795000
0.999200 1.315364 0.503952 3.669000
0.999100 1.242534 0.530745 3.754900
0.999300 1.280126 0.516214 3.710500
0.999100 1.276610 0.521778 3.724100
0.999900 1.456391 0.459170 3.498100
0.999400 1.495496 0.446641 3.439000
0.999400 1.325303 0.501300 3.660200
0.999000 1.510954 0.441420 3.411600
0.999600 1.622418 0.387989 1.615600
1.000100 1.476068 0.451961 3.468500
1.000100 1.476068 0.451961 3.468500
0.999700 1.347988 0.494003 3.635100
0.999000 1.286991 0.512704 3.699000
1.000200 1.088235 0.575321 3.895800
0.998800 1.175660 0.551226 3.816400
1.000100 1.094969 0.573597 3.890700
1.000000 1.099319 0.573121 3.888000
0.999700 1.083565 0.576625 3.897300
1.000100 1.088721 0.575536 3.895500
0.999600 1.300820 0.519929 1.394200
0.998700 1.150677 0.558342 3.837300
0.999400 1.298512 0.510547 3.685800
0.999900 1.357861 0.487046 1.404900
0.999300 1.454482 0.473073 1.693900
0.999300 1.454482 0.473073 1.693900
