0.999600 1.703078 0.376285 4.229000 0.008831 0.007176 0.004246 0.001872 0.004070 0.004548 0.003344 0.002083 0.001697 0.001350
1.000400 1.518952 0.429847 1.533800 0.005777 0.006518 0.005757 0.002151 0.003430 0.003624 0.004373 0.003127 0.002477 0.001982
0.999700 1.299280 0.515685 1.378500 0.005627 0.005076 0.002100 0.001333 0.001975 0.006553 0.007021 0.004119 0.002952 0.002458
0.999300 1.887582 0.314276 2.059300 0.007656 0.005829 0.003974 0.003334 0.004806 0.004224 0.003498 0.002431 0.001877 0.001587
1.000800 1.403702 0.484193 2.320400 0.007194 0.006641 0.004042 0.002621 0.003156 0.003979 0.003839 0.002704 0.002543 0.002497
0.999500 1.974636 0.310505 2.438100 0.007617 0.005540 0.006638 0.002384 0.004776 0.003838 0.003109 0.002158 0.001750 0.001407
0.999300 1.887582 0.314276 2.059300 0.007656 0.005829 0.003974 0.003334 0.004806 0.004224 0.003498 0.002431 0.001877 0.001587
0.999800 1.606153 0.397765 1.611800 0.003713 0.003917 0.004503 0.003521 0.003771 0.003926 0.006226 0.004155 0.003027 0.002456
1.000200 1.296465 0.583577 6.532800 0.005214 0.016203 0.004245 0.003176 0.002475 0.001962 0.001625 0.001721 0.001353 0.001241
0.999700 1.644906 0.389939 1.695500 0.004350 0.005125 0.005314 0.002705 0.003438 0.004504 0.004967 0.003562 0.002850 0.002400
1.000400 1.929967 0.309134 2.209600 0.008426 0.007979 0.005617 0.001739 0.004234 0.004221 0.002667 0.001624 0.001616 0.001093
1.000200 1.721265 0.362651 3.576600 0.010244 0.007341 0.003760 0.002271 0.004152 0.005009 0.002987 0.001561 0.001025 0.000865
1.000200 1.935702 0.318973 2.733200 0.009265 0.008552 0.005756 0.001716 0.002604 0.003814 0.002631 0.001844 0.001668 0.001366
1.000400 1.929967 0.309134 2.209600 0.008426 0.007979 0.005617 0.001739 0.004234 0.004221 0.002667 0.001624 0.001616 0.001093
1.000000 1.750187 0.365031 1.883800 0.007146 0.005229 0.004997 0.004199 0.003916 0.003406 0.003044 0.002490 0.002403 0.002387
0.999300 1.592414 0.417556 1.661900 0.007160 0.005461 0.004913 0.003933 0.003799 0.003509 0.003166 0.002536 0.002376 0.002362
1.000100 1.800598 0.352856 3.594900 0.007711 0.007454 0.004853 0.001543 0.002492 0.004356 0.005061 0.002790 0.001588 0.001368
0.999500 1.662933 0.384987 4.394900 0.010375 0.008716 0.004069 0.002342 0.002032 0.003254 0.003626 0.002155 0.001458 0.001188
1.000000 1.935776 0.310765 2.324200 0.010891 0.007274 0.005183 0.003006 0.002683 0.002372 0.002447 0.001977 0.001659 0.001724
0.999400 1.974852 0.323040 2.766800 0.012706 0.007339 0.004814 0.001720 0.004510 0.002066 0.001855 0.001582 0.001434 0.001189
0.999800 1.894036 0.315827 2.107400 0.008135 0.005365 0.005088 0.002021 0.004243 0.004227 0.004069 0.002750 0.001875 0.001444
0.999300 1.907221 0.310058 2.096900 0.004771 0.003917 0.005202 0.002166 0.005187 0.007138 0.004172 0.002470 0.002137 0.002056
1.000400 0.861021 0.703986 7.580800 0.011216 0.002972 0.003073 0.002744 0.003109 0.003867 0.004187 0.003213 0.002535 0.002299
1.000000 1.867978 0.326770 2.572400 0.008427 0.006835 0.003249 0.001941 0.003789 0.004959 0.004348 0.002477 0.001755 0.001434
0.999800 1.911181 0.310379 2.121000 0.009128 0.006735 0.005918 0.002124 0.003073 0.003179 0.003243 0.002270 0.001891 0.001656
0.999300 1.030281 0.647935 7.225700 0.003747 0.013473 0.005147 0.002796 0.001334 0.002767 0.003009 0.002151 0.002014 0.002777
0.999800 1.980860 0.315082 2.514000 0.009903 0.006568 0.005520 0.002547 0.005227 0.003051 0.002197 0.001532 0.001388 0.001283
0.999300 1.917785 0.324195 2.869900 0.009532 0.011132 0.005846 0.001742 0.002362 0.002097 0.001590 0.001814 0.001593 0.001507
0.999600 1.740987 0.367285 2.084600 0.010429 0.009069 0.004424 0.002487 0.002172 0.001530 0.001473 0.002300 0.002515 0.002817
0.999800 0.919631 0.704971 7.443400 0.014132 0.003759 0.003361 0.002939 0.002992 0.002863 0.002728 0.002363 0.002155 0.001924
0.999500 1.121529 0.619186 7.008500 0.003762 0.011786 0.003246 0.002572 0.004278 0.003652 0.003695 0.002630 0.002080 0.001512
0.999300 1.105784 0.644798 7.076300 0.004608 0.011947 0.004883 0.002503 0.002228 0.003148 0.003204 0.002548 0.002202 0.001945
1.000400 1.846161 0.329966 2.052600 0.007979 0.007415 0.005593 0.002279 0.004250 0.003593 0.002992 0.001708 0.001630 0.001777
1.000400 1.513397 0.443265 5.460000 0.007833 0.005897 0.003567 0.003180 0.003909 0.004071 0.003091 0.002488 0.002509 0.002672
1.000400 1.846161 0.329966 2.052600 0.007979 0.007415 0.005593 0.002279 0.004250 0.003593 0.002992 0.001708 0.001630 0.001777
1.000300 1.308215 0.580467 6.507900 0.015963 0.008236 0.002004 0.001311 0.002338 0.002529 0.002749 0.001619 0.001291 0.001177
0.999700 1.761694 0.351039 1.890500 0.011492 0.008436 0.005251 0.002801 0.001970 0.002900 0.002192 0.001446 0.001324 0.001405
1.001000 1.730757 0.363211 2.529800 0.008072 0.007531 0.008293 0.003507 0.002526 0.003135 0.002305 0.001380 0.001238 0.001229
0.999900 1.745383 0.349449 1.771700 0.009365 0.005977 0.004366 0.003815 0.003690 0.003824 0.003578 0.001742 0.001436 0.001424
1.000200 1.165669 0.613469 6.909200 0.014825 0.005959 0.003135 0.002232 0.002210 0.002608 0.002580 0.001980 0.001825 0.001861
1.000100 1.040973 0.646921 7.211500 0.005287 0.014221 0.002612 0.002068 0.001576 0.003166 0.003740 0.002647 0.002147 0.001751
1.000300 1.882933 0.337604 3.331900 0.014274 0.007092 0.003198 0.001578 0.001781 0.004378 0.003642 0.001313 0.000998 0.000963
1.000600 1.501971 0.454509 1.653600 0.008124 0.006670 0.004078 0.002500 0.002611 0.002859 0.003279 0.003030 0.003038 0.003026
1.000500 1.034808 0.648659 7.228700 0.004044 0.014503 0.006414 0.003891 0.001546 0.001752 0.002563 0.001805 0.001326 0.001371
1.000000 1.753701 0.352675 1.874600 0.006487 0.007783 0.006318 0.002701 0.003328 0.003708 0.003942 0.002213 0.001542 0.001193
0.999700 1.200076 0.599329 6.808900 0.018732 0.005544 0.002195 0.001183 0.001916 0.003395 0.003207 0.001313 0.000916 0.000815
0.999900 1.690702 0.374018 1.801700 0.006527 0.006546 0.004645 0.003707 0.003868 0.003420 0.003705 0.002933 0.002096 0.001770
1.000100 1.321281 0.509154 1.397100 0.005911 0.006132 0.006254 0.002892 0.004232 0.003156 0.004455 0.002981 0.001771 0.001430
1.000400 1.484071 0.461637 2.278800 0.005120 0.004636 0.003585 0.002225 0.003051 0.006081 0.005537 0.003458 0.002955 0.002566
0.999800 1.744497 0.350777 1.773200 0.006493 0.005758 0.003202 0.002947 0.005786 0.003901 0.005409 0.002794 0.001624 0.001302
0.999900 1.140548 0.615068 6.964300 0.010380 0.006729 0.006407 0.001978 0.001494 0.002858 0.003239 0.002198 0.002049 0.001884
1.000300 1.154899 0.610511 6.930900 0.009949 0.007839 0.004010 0.005518 0.002357 0.003544 0.002457 0.001294 0.001111 0.001136
1.000100 1.001424 0.664166 7.297900 0.012400 0.009542 0.007393 0.002280 0.001471 0.001139 0.001477 0.001258 0.001096 0.001159
1.000600 1.152405 0.620508 6.945000 0.005458 0.017076 0.004422 0.002250 0.001159 0.001542 0.002346 0.001947 0.001558 0.001458
1.000500 1.987948 0.325765 2.693700 0.008460 0.008120 0.002755 0.001545 0.002409 0.006675 0.003799 0.002202 0.001689 0.001563
1.000500 1.826468 0.332691 2.025900 0.010384 0.006728 0.004036 0.002056 0.003040 0.002354 0.003045 0.002303 0.002514 0.002758
0.999800 0.831695 0.716037 7.622400 0.018422 0.005117 0.002566 0.003088 0.001833 0.001826 0.002617 0.001383 0.001135 0.001228
0.999700 1.947865 0.305922 2.244700 0.009751 0.010717 0.005868 0.001477 0.001293 0.001717 0.002768 0.002203 0.001824 0.001599
0.999900 1.769466 0.349826 1.952100 0.006305 0.004161 0.004784 0.002586 0.003690 0.007634 0.004346 0.002270 0.001784 0.001656
1.000100 1.812968 0.339482 1.987500 0.004402 0.005133 0.005124 0.003211 0.004653 0.006095 0.004385 0.002428 0.001959 0.001825
1.000000 1.135345 0.616298 6.978200 0.011413 0.004537 0.001749 0.001701 0.003313 0.005629 0.004737 0.002495 0.001838 0.001803
0.999600 0.953778 0.684668 7.408000 0.012930 0.003605 0.002908 0.002752 0.003174 0.002942 0.003096 0.002749 0.002588 0.002471
1.000400 1.069832 0.639372 7.147800 0.015070 0.006380 0.002872 0.001902 0.002042 0.002427 0.002410 0.001938 0.001955 0.002220
1.000200 1.065035 0.639228 7.157600 0.015810 0.005736 0.002417 0.002061 0.001957 0.003665 0.002885 0.001409 0.001516 0.001762
1.000600 1.565076 0.426549 1.710400 0.008906 0.006602 0.003548 0.004287 0.004626 0.003564 0.002632 0.001792 0.001595 0.001664
1.000000 1.748790 0.359496 2.263400 0.007681 0.005551 0.004746 0.002585 0.004108 0.004930 0.003563 0.002103 0.001973 0.001975
1.000000 1.748790 0.359496 2.263400 0.007681 0.005551 0.004746 0.002585 0.004108 0.004930 0.003563 0.002103 0.001973 0.001975
0.999400 1.170971 0.608078 6.886000 0.018148 0.007716 0.002703 0.002769 0.001860 0.001271 0.001552 0.001285 0.001035 0.000878
1.000600 1.133415 0.620061 6.993600 0.018610 0.008238 0.002645 0.003316 0.001637 0.001048 0.001036 0.000855 0.000849 0.000981
1.000500 1.229159 0.592978 6.736900 0.019468 0.007078 0.001512 0.003020 0.001859 0.001421 0.001555 0.001182 0.001079 0.001043
0.999700 0.875551 0.699791 7.548900 0.012426 0.004581 0.003969 0.002893 0.002905 0.003079 0.002854 0.002117 0.001970 0.002422
0.999700 1.192209 0.597466 6.824100 0.017767 0.008699 0.003511 0.001454 0.002121 0.001748 0.001436 0.000827 0.000778 0.000875
1.000500 1.671600 0.369528 1.665100 0.010701 0.010735 0.009264 0.001334 0.001487 0.001598 0.001088 0.000884 0.000953 0.001172
0.999700 1.174289 0.612917 6.891300 0.009579 0.016438 0.003426 0.001978 0.001650 0.001530 0.001423 0.001130 0.000952 0.001110
1.000000 0.910929 0.686539 7.481800 0.012272 0.005431 0.005018 0.003003 0.002238 0.002596 0.002760 0.001997 0.001687 0.002212
0.999400 1.046227 0.643897 7.190200 0.011427 0.007670 0.002862 0.002907 0.003120 0.003303 0.003211 0.001918 0.001446 0.001352
1.000100 0.957854 0.677250 7.397900 0.014213 0.007222 0.005010 0.002810 0.001892 0.001598 0.001666 0.001501 0.001500 0.001804
0.999400 1.006577 0.657588 7.281800 0.015777 0.005294 0.002269 0.001258 0.001927 0.003022 0.003216 0.002322 0.001957 0.002174
0.999600 1.003164 0.663766 7.296200 0.004854 0.015231 0.004704 0.002819 0.002209 0.002504 0.002435 0.001792 0.001380 0.001285
0.999300 1.207156 0.596604 6.787300 0.020035 0.008871 0.001648 0.002287 0.001357 0.000892 0.001241 0.001053 0.000914 0.000917
0.999400 1.253857 0.582058 6.650000 0.019955 0.008810 0.003479 0.003092 0.001591 0.000552 0.000409 0.000384 0.000425 0.000518
1.000400 1.062145 0.639744 7.163600 0.018268 0.008599 0.001358 0.001912 0.002138 0.001939 0.001901 0.001252 0.000961 0.000888
0.999400 1.271673 0.578423 6.595800 0.019167 0.008453 0.003101 0.002179 0.003100 0.000630 0.000660 0.000621 0.000655 0.000650
1.000000 1.977580 0.311424 2.469600 0.010047 0.009846 0.008039 0.001155 0.000751 0.003203 0.002245 0.001389 0.001229 0.001313
0.999900 1.235980 0.585589 6.703900 0.018518 0.008341 0.001570 0.002326 0.001499 0.002114 0.002211 0.001003 0.000819 0.000814
0.999900 1.235980 0.585589 6.703900 0.018518 0.008341 0.001570 0.002326 0.001499 0.002114 0.002211 0.001003 0.000819 0.000814
0.999600 1.087562 0.630969 7.095600 0.014670 0.008182 0.002264 0.001314 0.001764 0.003054 0.003326 0.001782 0.001395 0.001463
0.999300 1.016315 0.653103 7.257300 0.016637 0.008353 0.001943 0.001712 0.002090 0.003041 0.002803 0.001175 0.000722 0.000741
0.999800 0.785960 0.727728 7.702600 0.011297 0.002613 0.002471 0.002268 0.002805 0.003517 0.004137 0.003773 0.003427 0.002908
1.000300 0.886535 0.702285 7.536100 0.013749 0.004505 0.003780 0.003327 0.003474 0.002998 0.002450 0.001776 0.001566 0.001590
1.000500 0.793149 0.726834 7.698300 0.012065 0.003426 0.003320 0.002752 0.002761 0.002909 0.003135 0.002974 0.002938 0.002936
0.999800 0.800514 0.725887 7.681200 0.011889 0.003097 0.003100 0.002972 0.003324 0.003407 0.003408 0.002916 0.002660 0.002443
0.999800 0.780757 0.730000 7.712000 0.011243 0.002746 0.003046 0.003115 0.003535 0.003504 0.003600 0.003137 0.002811 0.002479
1.000100 0.785452 0.728529 7.706900 0.011495 0.002894 0.002830 0.002601 0.002968 0.003453 0.003729 0.003317 0.003058 0.002872
1.000200 1.800222 0.337206 1.913400 0.011612 0.008314 0.003733 0.001439 0.002117 0.002617 0.003570 0.002123 0.001827 0.001863
0.999700 0.850055 0.710776 7.597300 0.012012 0.003503 0.003408 0.002969 0.003355 0.003755 0.003738 0.002705 0.002077 0.001694
0.999400 1.028787 0.653437 7.231600 0.012483 0.008907 0.003248 0.002725 0.002883 0.002631 0.002389 0.001335 0.001163 0.001451
0.999000 1.862126 0.314848 1.959600 0.012546 0.007697 0.005861 0.001749 0.001683 0.002476 0.001995 0.001758 0.001733 0.001718
1.000100 1.758594 0.356767 2.589500 0.008008 0.007193 0.003963 0.002634 0.004587 0.004582 0.003308 0.002041 0.001541 0.001359
1.000100 1.758594 0.356767 2.589500 0.008008 0.007193 0.003963 0.002634 0.004587 0.004582 0.003308 0.002041 0.001541 0.001359
